<?xml version="1.0" encoding="UTF-8"?>
<!-- Generated by org.testng.reporters.JUnitXMLReporter -->
<testsuite ignored="0" hostname="ESvinin" failures="0" tests="6" name="Surefire test" time="21.383" errors="0" timestamp="2022-09-21T22:34:22 MSK">
  <testcase classname="alertsTests.AlertsTests" name="successfulAcceptAlertTest" time="0.338"/>
  <testcase classname="alertsTests.AlertsTests" name="successfulCancelConfirmTest" time="0.254"/>
  <testcase classname="logInTests.LoginTests" name="invalidPasswordLogInTest" time="0.805"/>
  <testcase classname="logInTests.LoginTests" name="invalidUsernameLogInTest" time="0.648"/>
  <testcase classname="logInTests.LoginTests" name="successfulLogInTest" time="0.642"/>
  <testcase classname="logInTests.LoginTests" name="successfulLogOutTest" time="0.988"/>
</testsuite> <!-- Surefire test -->
