<?xml version="1.0" encoding="UTF-8"?>
<!-- Generated by org.testng.reporters.JUnitXMLReporter -->
<testsuite ignored="0" hostname="ESvinin" failures="0" tests="6" name="Surefire test" time="22.325" errors="0" timestamp="2022-09-08T22:26:11 MSK">
  <testcase classname="alertsTests.AlertsTests" name="successfulAcceptAlertTest" time="0.385"/>
  <testcase classname="alertsTests.AlertsTests" name="successfulCancelConfirmTest" time="0.363"/>
  <testcase classname="logInTests.LoginTests" name="invalidPasswordLogInTest" time="1.116"/>
  <testcase classname="logInTests.LoginTests" name="invalidUsernameLogInTest" time="0.751"/>
  <testcase classname="logInTests.LoginTests" name="successfulLogInTest" time="0.868"/>
  <testcase classname="logInTests.LoginTests" name="successfulLogOutTest" time="1.277"/>
</testsuite> <!-- Surefire test -->
