<?xml version="1.0" encoding="UTF-8"?>
<testng-results ignored="0" total="6" passed="6" failed="0" skipped="0">
  <reporter-output>
  </reporter-output>
  <suite started-at="2022-09-08T22:25:48 MSK" name="Surefire suite" finished-at="2022-09-08T22:26:10 MSK" duration-ms="22325">
    <groups>
    </groups>
    <test started-at="2022-09-08T22:25:48 MSK" name="Surefire test" finished-at="2022-09-08T22:26:10 MSK" duration-ms="22325">
      <class name="alertsTests.AlertsTests">
        <test-method is-config="true" signature="setUp()[pri:0, instance:alertsTests.AlertsTests@3be4f71]" started-at="2022-09-08T22:25:48 MSK" name="setUp" finished-at="2022-09-08T22:25:56 MSK" duration-ms="7870" status="PASS">
          <reporter-output>
          </reporter-output>
        </test-method> <!-- setUp -->
        <test-method is-config="true" signature="goMainPage()[pri:0, instance:alertsTests.AlertsTests@3be4f71]" started-at="2022-09-08T22:25:56 MSK" name="goMainPage" finished-at="2022-09-08T22:25:56 MSK" duration-ms="194" status="PASS">
          <reporter-output>
          </reporter-output>
        </test-method> <!-- goMainPage -->
        <test-method signature="successfulAcceptAlertTest()[pri:0, instance:alertsTests.AlertsTests@3be4f71]" started-at="2022-09-08T22:25:56 MSK" name="successfulAcceptAlertTest" finished-at="2022-09-08T22:25:57 MSK" duration-ms="385" status="PASS">
          <reporter-output>
          </reporter-output>
        </test-method> <!-- successfulAcceptAlertTest -->
        <test-method is-config="true" signature="goMainPage()[pri:0, instance:alertsTests.AlertsTests@3be4f71]" started-at="2022-09-08T22:25:57 MSK" name="goMainPage" finished-at="2022-09-08T22:25:57 MSK" duration-ms="219" status="PASS">
          <reporter-output>
          </reporter-output>
        </test-method> <!-- goMainPage -->
        <test-method signature="successfulCancelConfirmTest()[pri:0, instance:alertsTests.AlertsTests@3be4f71]" started-at="2022-09-08T22:25:57 MSK" name="successfulCancelConfirmTest" finished-at="2022-09-08T22:25:57 MSK" duration-ms="363" status="PASS">
          <reporter-output>
          </reporter-output>
        </test-method> <!-- successfulCancelConfirmTest -->
        <test-method is-config="true" signature="tearDown()[pri:0, instance:alertsTests.AlertsTests@3be4f71]" started-at="2022-09-08T22:25:57 MSK" name="tearDown" finished-at="2022-09-08T22:25:59 MSK" duration-ms="1172" status="PASS">
          <reporter-output>
          </reporter-output>
        </test-method> <!-- tearDown -->
      </class> <!-- alertsTests.AlertsTests -->
      <class name="logInTests.LoginTests">
        <test-method is-config="true" signature="setUp()[pri:0, instance:logInTests.LoginTests@7ac9af2a]" started-at="2022-09-08T22:25:59 MSK" name="setUp" finished-at="2022-09-08T22:26:04 MSK" duration-ms="5482" status="PASS">
          <reporter-output>
          </reporter-output>
        </test-method> <!-- setUp -->
        <test-method is-config="true" signature="goMainPage()[pri:0, instance:logInTests.LoginTests@7ac9af2a]" started-at="2022-09-08T22:26:04 MSK" name="goMainPage" finished-at="2022-09-08T22:26:04 MSK" duration-ms="229" status="PASS">
          <reporter-output>
          </reporter-output>
        </test-method> <!-- goMainPage -->
        <test-method signature="invalidPasswordLogInTest()[pri:0, instance:logInTests.LoginTests@7ac9af2a]" started-at="2022-09-08T22:26:04 MSK" name="invalidPasswordLogInTest" finished-at="2022-09-08T22:26:05 MSK" duration-ms="1116" status="PASS">
          <reporter-output>
          </reporter-output>
        </test-method> <!-- invalidPasswordLogInTest -->
        <test-method is-config="true" signature="goMainPage()[pri:0, instance:logInTests.LoginTests@7ac9af2a]" started-at="2022-09-08T22:26:05 MSK" name="goMainPage" finished-at="2022-09-08T22:26:06 MSK" duration-ms="598" status="PASS">
          <reporter-output>
          </reporter-output>
        </test-method> <!-- goMainPage -->
        <test-method signature="invalidUsernameLogInTest()[pri:0, instance:logInTests.LoginTests@7ac9af2a]" started-at="2022-09-08T22:26:06 MSK" name="invalidUsernameLogInTest" finished-at="2022-09-08T22:26:07 MSK" duration-ms="751" status="PASS">
          <reporter-output>
          </reporter-output>
        </test-method> <!-- invalidUsernameLogInTest -->
        <test-method is-config="true" signature="goMainPage()[pri:0, instance:logInTests.LoginTests@7ac9af2a]" started-at="2022-09-08T22:26:07 MSK" name="goMainPage" finished-at="2022-09-08T22:26:07 MSK" duration-ms="206" status="PASS">
          <reporter-output>
          </reporter-output>
        </test-method> <!-- goMainPage -->
        <test-method signature="successfulLogInTest()[pri:0, instance:logInTests.LoginTests@7ac9af2a]" started-at="2022-09-08T22:26:07 MSK" name="successfulLogInTest" finished-at="2022-09-08T22:26:08 MSK" duration-ms="868" status="PASS">
          <reporter-output>
          </reporter-output>
        </test-method> <!-- successfulLogInTest -->
        <test-method is-config="true" signature="goMainPage()[pri:0, instance:logInTests.LoginTests@7ac9af2a]" started-at="2022-09-08T22:26:08 MSK" name="goMainPage" finished-at="2022-09-08T22:26:08 MSK" duration-ms="191" status="PASS">
          <reporter-output>
          </reporter-output>
        </test-method> <!-- goMainPage -->
        <test-method signature="successfulLogOutTest()[pri:0, instance:logInTests.LoginTests@7ac9af2a]" started-at="2022-09-08T22:26:08 MSK" name="successfulLogOutTest" finished-at="2022-09-08T22:26:09 MSK" duration-ms="1277" status="PASS">
          <reporter-output>
          </reporter-output>
        </test-method> <!-- successfulLogOutTest -->
        <test-method is-config="true" signature="tearDown()[pri:0, instance:logInTests.LoginTests@7ac9af2a]" started-at="2022-09-08T22:26:09 MSK" name="tearDown" finished-at="2022-09-08T22:26:10 MSK" duration-ms="1064" status="PASS">
          <reporter-output>
          </reporter-output>
        </test-method> <!-- tearDown -->
      </class> <!-- logInTests.LoginTests -->
    </test> <!-- Surefire test -->
  </suite> <!-- Surefire suite -->
</testng-results>
