<?xml version="1.0" encoding="UTF-8"?>
<testng-results ignored="0" total="6" passed="6" failed="0" skipped="0">
  <reporter-output>
  </reporter-output>
  <suite started-at="2022-09-20T22:06:11 MSK" name="Surefire suite" finished-at="2022-09-20T22:06:31 MSK" duration-ms="19631">
    <groups>
    </groups>
    <test started-at="2022-09-20T22:06:11 MSK" name="Surefire test" finished-at="2022-09-20T22:06:31 MSK" duration-ms="19631">
      <class name="alertsTests.AlertsTests">
        <test-method is-config="true" signature="setUp()[pri:0, instance:alertsTests.AlertsTests@298d9a05]" started-at="2022-09-20T22:06:11 MSK" name="setUp" finished-at="2022-09-20T22:06:20 MSK" duration-ms="8968" status="PASS">
          <reporter-output>
          </reporter-output>
        </test-method> <!-- setUp -->
        <test-method is-config="true" signature="goMainPage()[pri:0, instance:alertsTests.AlertsTests@298d9a05]" started-at="2022-09-20T22:06:20 MSK" name="goMainPage" finished-at="2022-09-20T22:06:20 MSK" duration-ms="198" status="PASS">
          <reporter-output>
          </reporter-output>
        </test-method> <!-- goMainPage -->
        <test-method signature="successfulAcceptAlertTest()[pri:0, instance:alertsTests.AlertsTests@298d9a05]" started-at="2022-09-20T22:06:20 MSK" name="successfulAcceptAlertTest" finished-at="2022-09-20T22:06:21 MSK" duration-ms="306" status="PASS">
          <reporter-output>
          </reporter-output>
        </test-method> <!-- successfulAcceptAlertTest -->
        <test-method is-config="true" signature="goMainPage()[pri:0, instance:alertsTests.AlertsTests@298d9a05]" started-at="2022-09-20T22:06:21 MSK" name="goMainPage" finished-at="2022-09-20T22:06:21 MSK" duration-ms="163" status="PASS">
          <reporter-output>
          </reporter-output>
        </test-method> <!-- goMainPage -->
        <test-method signature="successfulCancelConfirmTest()[pri:0, instance:alertsTests.AlertsTests@298d9a05]" started-at="2022-09-20T22:06:21 MSK" name="successfulCancelConfirmTest" finished-at="2022-09-20T22:06:21 MSK" duration-ms="274" status="PASS">
          <reporter-output>
          </reporter-output>
        </test-method> <!-- successfulCancelConfirmTest -->
        <test-method is-config="true" signature="tearDown()[pri:0, instance:alertsTests.AlertsTests@298d9a05]" started-at="2022-09-20T22:06:21 MSK" name="tearDown" finished-at="2022-09-20T22:06:22 MSK" duration-ms="748" status="PASS">
          <reporter-output>
          </reporter-output>
        </test-method> <!-- tearDown -->
      </class> <!-- alertsTests.AlertsTests -->
      <class name="logInTests.LoginTests">
        <test-method is-config="true" signature="setUp()[pri:0, instance:logInTests.LoginTests@652ce654]" started-at="2022-09-20T22:06:22 MSK" name="setUp" finished-at="2022-09-20T22:06:26 MSK" duration-ms="3785" status="PASS">
          <reporter-output>
          </reporter-output>
        </test-method> <!-- setUp -->
        <test-method is-config="true" signature="goMainPage()[pri:0, instance:logInTests.LoginTests@652ce654]" started-at="2022-09-20T22:06:26 MSK" name="goMainPage" finished-at="2022-09-20T22:06:26 MSK" duration-ms="173" status="PASS">
          <reporter-output>
          </reporter-output>
        </test-method> <!-- goMainPage -->
        <test-method signature="invalidPasswordLogInTest()[pri:0, instance:logInTests.LoginTests@652ce654]" started-at="2022-09-20T22:06:26 MSK" name="invalidPasswordLogInTest" finished-at="2022-09-20T22:06:27 MSK" duration-ms="832" status="PASS">
          <reporter-output>
          </reporter-output>
        </test-method> <!-- invalidPasswordLogInTest -->
        <test-method is-config="true" signature="goMainPage()[pri:0, instance:logInTests.LoginTests@652ce654]" started-at="2022-09-20T22:06:27 MSK" name="goMainPage" finished-at="2022-09-20T22:06:27 MSK" duration-ms="182" status="PASS">
          <reporter-output>
          </reporter-output>
        </test-method> <!-- goMainPage -->
        <test-method signature="invalidUsernameLogInTest()[pri:0, instance:logInTests.LoginTests@652ce654]" started-at="2022-09-20T22:06:27 MSK" name="invalidUsernameLogInTest" finished-at="2022-09-20T22:06:28 MSK" duration-ms="630" status="PASS">
          <reporter-output>
          </reporter-output>
        </test-method> <!-- invalidUsernameLogInTest -->
        <test-method is-config="true" signature="goMainPage()[pri:0, instance:logInTests.LoginTests@652ce654]" started-at="2022-09-20T22:06:28 MSK" name="goMainPage" finished-at="2022-09-20T22:06:28 MSK" duration-ms="161" status="PASS">
          <reporter-output>
          </reporter-output>
        </test-method> <!-- goMainPage -->
        <test-method signature="successfulLogInTest()[pri:0, instance:logInTests.LoginTests@652ce654]" started-at="2022-09-20T22:06:28 MSK" name="successfulLogInTest" finished-at="2022-09-20T22:06:29 MSK" duration-ms="1107" status="PASS">
          <reporter-output>
          </reporter-output>
        </test-method> <!-- successfulLogInTest -->
        <test-method is-config="true" signature="goMainPage()[pri:0, instance:logInTests.LoginTests@652ce654]" started-at="2022-09-20T22:06:29 MSK" name="goMainPage" finished-at="2022-09-20T22:06:29 MSK" duration-ms="174" status="PASS">
          <reporter-output>
          </reporter-output>
        </test-method> <!-- goMainPage -->
        <test-method signature="successfulLogOutTest()[pri:0, instance:logInTests.LoginTests@652ce654]" started-at="2022-09-20T22:06:29 MSK" name="successfulLogOutTest" finished-at="2022-09-20T22:06:30 MSK" duration-ms="975" status="PASS">
          <reporter-output>
          </reporter-output>
        </test-method> <!-- successfulLogOutTest -->
        <test-method is-config="true" signature="tearDown()[pri:0, instance:logInTests.LoginTests@652ce654]" started-at="2022-09-20T22:06:30 MSK" name="tearDown" finished-at="2022-09-20T22:06:31 MSK" duration-ms="659" status="PASS">
          <reporter-output>
          </reporter-output>
        </test-method> <!-- tearDown -->
      </class> <!-- logInTests.LoginTests -->
    </test> <!-- Surefire test -->
  </suite> <!-- Surefire suite -->
</testng-results>
